Build started 8/20/2015 11:54:12 PM.
     1>Project "C:\Users\Kyle\Griefer\GriefPlusPlus\GriefPlusPlus\GriefPlusPlus.vcxproj" on node 2 (Build target(s)).
     1>ClCompile:
         C:\Program Files (x86)\Microsoft Visual Studio 14.0\VC\bin\CL.exe /c /IC:\boost /Zi /nologo /W3 /WX- /sdl /O2 /Oi /Oy- /GL /D _SCL_SECURE_NO_WARNINGS /D WIN32 /D NDEBUG /D _CONSOLE /D _WINDLL /D _UNICODE /D UNICODE /Gm- /EHsc /MD /GS /Gy /fp:precise /Zc:wchar_t /Zc:forScope /Zc:inline /Fo"Release\\" /Fd"Release\vc140.pdb" /Gd /TP /analyze- /errorReport:prompt ..\main.cpp ..\src\event_bindings.cpp ..\src\gm_readers.cpp ..\src\gm_transmitters.cpp ..\src\helpers.cpp ..\src\internal\sio_client_impl.cpp ..\src\internal\sio_packet.cpp ..\src\receivers.cpp ..\src\sio_client.cpp ..\src\sio_socket.cpp
         main.cpp
         event_bindings.cpp
     1>..\src\event_bindings.cpp(30): warning C4018: '<': signed/unsigned mismatch
         gm_readers.cpp
     1>..\src\gm_readers.cpp(13): warning C4018: '<': signed/unsigned mismatch
         gm_transmitters.cpp
         helpers.cpp
         sio_client_impl.cpp
     1>C:\Users\Kyle\Griefer\GriefPlusPlus\lib\websocketpp\websocketpp/error.hpp(151): error C2694: 'const char *websocketpp::error::category::name(void) const': overriding virtual function has less restrictive exception specification than base class virtual member function 'const char *std::error_category::name(void) noexcept const'
         C:\Users\Kyle\Griefer\GriefPlusPlus\lib\websocketpp\websocketpp/error.hpp(151): note: see declaration of 'websocketpp::error::category::name'
         C:\Program Files (x86)\Microsoft Visual Studio 14.0\VC\include\system_error(167): note: see declaration of 'std::error_category::name'
     1>C:\Users\Kyle\Griefer\GriefPlusPlus\lib\websocketpp\websocketpp/processors/base.hpp(165): error C2694: 'const char *websocketpp::processor::error::processor_category::name(void) const': overriding virtual function has less restrictive exception specification than base class virtual member function 'const char *std::error_category::name(void) noexcept const'
         C:\Users\Kyle\Griefer\GriefPlusPlus\lib\websocketpp\websocketpp/processors/base.hpp(165): note: see declaration of 'websocketpp::processor::error::processor_category::name'
         C:\Program Files (x86)\Microsoft Visual Studio 14.0\VC\include\system_error(167): note: see declaration of 'std::error_category::name'
     1>C:\Users\Kyle\Griefer\GriefPlusPlus\lib\websocketpp\websocketpp/common/functional.hpp(55): fatal error C1083: Cannot open include file: 'boost/bind.hpp': No such file or directory
         sio_packet.cpp
         receivers.cpp
     1>..\src\receivers.cpp(77): warning C4305: 'initializing': truncation from '__int64' to 'size_t'
     1>..\src\receivers.cpp(77): warning C4309: 'initializing': truncation of constant value
         sio_client.cpp
     1>C:\Users\Kyle\Griefer\GriefPlusPlus\lib\websocketpp\websocketpp/error.hpp(151): error C2694: 'const char *websocketpp::error::category::name(void) const': overriding virtual function has less restrictive exception specification than base class virtual member function 'const char *std::error_category::name(void) noexcept const'
         C:\Users\Kyle\Griefer\GriefPlusPlus\lib\websocketpp\websocketpp/error.hpp(151): note: see declaration of 'websocketpp::error::category::name'
         C:\Program Files (x86)\Microsoft Visual Studio 14.0\VC\include\system_error(167): note: see declaration of 'std::error_category::name'
     1>C:\Users\Kyle\Griefer\GriefPlusPlus\lib\websocketpp\websocketpp/processors/base.hpp(165): error C2694: 'const char *websocketpp::processor::error::processor_category::name(void) const': overriding virtual function has less restrictive exception specification than base class virtual member function 'const char *std::error_category::name(void) noexcept const'
         C:\Users\Kyle\Griefer\GriefPlusPlus\lib\websocketpp\websocketpp/processors/base.hpp(165): note: see declaration of 'websocketpp::processor::error::processor_category::name'
         C:\Program Files (x86)\Microsoft Visual Studio 14.0\VC\include\system_error(167): note: see declaration of 'std::error_category::name'
     1>C:\Users\Kyle\Griefer\GriefPlusPlus\lib\websocketpp\websocketpp/common/functional.hpp(55): fatal error C1083: Cannot open include file: 'boost/bind.hpp': No such file or directory
         sio_socket.cpp
     1>C:\Users\Kyle\Griefer\GriefPlusPlus\lib\websocketpp\websocketpp/error.hpp(151): error C2694: 'const char *websocketpp::error::category::name(void) const': overriding virtual function has less restrictive exception specification than base class virtual member function 'const char *std::error_category::name(void) noexcept const'
         C:\Users\Kyle\Griefer\GriefPlusPlus\lib\websocketpp\websocketpp/error.hpp(151): note: see declaration of 'websocketpp::error::category::name'
         C:\Program Files (x86)\Microsoft Visual Studio 14.0\VC\include\system_error(167): note: see declaration of 'std::error_category::name'
     1>C:\Users\Kyle\Griefer\GriefPlusPlus\lib\websocketpp\websocketpp/processors/base.hpp(165): error C2694: 'const char *websocketpp::processor::error::processor_category::name(void) const': overriding virtual function has less restrictive exception specification than base class virtual member function 'const char *std::error_category::name(void) noexcept const'
         C:\Users\Kyle\Griefer\GriefPlusPlus\lib\websocketpp\websocketpp/processors/base.hpp(165): note: see declaration of 'websocketpp::processor::error::processor_category::name'
         C:\Program Files (x86)\Microsoft Visual Studio 14.0\VC\include\system_error(167): note: see declaration of 'std::error_category::name'
     1>C:\Users\Kyle\Griefer\GriefPlusPlus\lib\websocketpp\websocketpp/common/functional.hpp(55): fatal error C1083: Cannot open include file: 'boost/bind.hpp': No such file or directory
     1>Done Building Project "C:\Users\Kyle\Griefer\GriefPlusPlus\GriefPlusPlus\GriefPlusPlus.vcxproj" (Build target(s)) -- FAILED.

Build FAILED.

Time Elapsed 00:00:09.37
